Using pre-set license
Built from '2021.3/staging' branch; Version is '2021.3.8f1 (b30333d56e81) revision 11731763'; Using compiler version '192829333'; Build Type 'Release'
OS: 'Windows 11  (10.0.22000) 64bit Professional' Language: 'en' Physical Memory: 16153 MB
BatchMode: 1, IsHumanControllingUs: 0, StartBugReporterOnCrash: 0, Is64bit: 1, IsPro: 1

COMMAND LINE ARGUMENTS:
C:\Program Files\Unity\Hub\Editor\2021.3.8f1\Editor\Unity.exe
-adb2
-batchMode
-noUpm
-name
AssetImportWorker0
-projectPath
A:/Unity Projects/GGJ2023/GGJ2023/Corrupt
-logFile
Logs/AssetImportWorker0.log
-srvPort
54086
Successfully changed project path to: A:/Unity Projects/GGJ2023/GGJ2023/Corrupt
A:/Unity Projects/GGJ2023/GGJ2023/Corrupt
[UnityMemory] Configuration Parameters - Can be set up in boot.config
    "memorysetup-bucket-allocator-granularity=16"
    "memorysetup-bucket-allocator-bucket-count=8"
    "memorysetup-bucket-allocator-block-size=33554432"
    "memorysetup-bucket-allocator-block-count=8"
    "memorysetup-main-allocator-block-size=16777216"
    "memorysetup-thread-allocator-block-size=16777216"
    "memorysetup-gfx-main-allocator-block-size=16777216"
    "memorysetup-gfx-thread-allocator-block-size=16777216"
    "memorysetup-cache-allocator-block-size=4194304"
    "memorysetup-typetree-allocator-block-size=2097152"
    "memorysetup-profiler-bucket-allocator-granularity=16"
    "memorysetup-profiler-bucket-allocator-bucket-count=8"
    "memorysetup-profiler-bucket-allocator-block-size=33554432"
    "memorysetup-profiler-bucket-allocator-block-count=8"
    "memorysetup-profiler-allocator-block-size=16777216"
    "memorysetup-profiler-editor-allocator-block-size=1048576"
    "memorysetup-temp-allocator-size-main=16777216"
    "memorysetup-job-temp-allocator-block-size=2097152"
    "memorysetup-job-temp-allocator-block-size-background=1048576"
    "memorysetup-job-temp-allocator-reduction-small-platforms=262144"
    "memorysetup-temp-allocator-size-background-worker=32768"
    "memorysetup-temp-allocator-size-job-worker=262144"
    "memorysetup-temp-allocator-size-preload-manager=33554432"
    "memorysetup-temp-allocator-size-nav-mesh-worker=65536"
    "memorysetup-temp-allocator-size-audio-worker=65536"
    "memorysetup-temp-allocator-size-cloud-worker=32768"
    "memorysetup-temp-allocator-size-gi-baking-worker=262144"
    "memorysetup-temp-allocator-size-gfx=262144"
Refreshing native plugins compatible for Editor in 53.00 ms, found 3 plugins.
Preloading 0 native plugins for Editor in 0.00 ms.
Initialize engine version: 2021.3.8f1 (b30333d56e81)
[Subsystems] Discovering subsystems at path C:/Program Files/Unity/Hub/Editor/2021.3.8f1/Editor/Data/Resources/UnitySubsystems
[Subsystems] Discovering subsystems at path A:/Unity Projects/GGJ2023/GGJ2023/Corrupt/Assets
GfxDevice: creating device client; threaded=0; jobified=0
Direct3D:
    Version:  Direct3D 11.0 [level 11.1]
    Renderer: NVIDIA GeForce RTX 3070 Ti Laptop GPU (ID=0x24a0)
    Vendor:   NVIDIA
    VRAM:     8032 MB
    Driver:   31.0.15.2802
Initialize mono
Mono path[0] = 'C:/Program Files/Unity/Hub/Editor/2021.3.8f1/Editor/Data/Managed'
Mono path[1] = 'C:/Program Files/Unity/Hub/Editor/2021.3.8f1/Editor/Data/MonoBleedingEdge/lib/mono/unityjit-win32'
Mono config path = 'C:/Program Files/Unity/Hub/Editor/2021.3.8f1/Editor/Data/MonoBleedingEdge/etc'
Using monoOptions --debugger-agent=transport=dt_socket,embedding=1,server=y,suspend=n,address=127.0.0.1:56080
Begin MonoManager ReloadAssembly
Registering precompiled unity dll's ...
Register platform support module: C:/Program Files/Unity/Hub/Editor/2021.3.8f1/Editor/Data/PlaybackEngines/WindowsStandaloneSupport/UnityEditor.WindowsStandalone.Extensions.dll
Registered in 0.003424 seconds.
Native extension for WindowsStandalone target not found
Refreshing native plugins compatible for Editor in 48.82 ms, found 3 plugins.
Preloading 0 native plugins for Editor in 0.00 ms.
Mono: successfully reloaded assembly
- Completed reload, in  0.391 seconds
Domain Reload Profiling:
	ReloadAssembly (392ms)
		BeginReloadAssembly (44ms)
			ExecutionOrderSort (0ms)
			DisableScriptedObjects (0ms)
			BackupInstance (0ms)
			ReleaseScriptingObjects (0ms)
			CreateAndSetChildDomain (0ms)
		EndReloadAssembly (279ms)
			LoadAssemblies (43ms)
			RebuildTransferFunctionScriptingTraits (0ms)
			SetupTypeCache (63ms)
			ReleaseScriptCaches (0ms)
			RebuildScriptCaches (19ms)
			SetupLoadedEditorAssemblies (164ms)
				LogAssemblyErrors (0ms)
				InitializePlatformSupportModulesInManaged (6ms)
				SetLoadedEditorAssemblies (0ms)
				RefreshPlugins (49ms)
				BeforeProcessingInitializeOnLoad (1ms)
				ProcessInitializeOnLoadAttributes (79ms)
				ProcessInitializeOnLoadMethodAttributes (28ms)
				AfterProcessingInitializeOnLoad (0ms)
				EditorAssembliesLoaded (0ms)
			ExecutionOrderSort2 (0ms)
			AwakeInstancesAfterBackupRestoration (0ms)
Platform modules already initialized, skipping
Registering precompiled user dll's ...
Registered in 0.002970 seconds.
Begin MonoManager ReloadAssembly
Symbol file LoadedFromMemory doesn't match image A:\Unity Projects\GGJ2023\GGJ2023\Corrupt\Library\PackageCache\com.unity.visualscripting@1.7.8\Editor\VisualScripting.Core\Dependencies\YamlDotNet\Unity.VisualScripting.YamlDotNet.dll
Symbol file LoadedFromMemory doesn't match image A:\Unity Projects\GGJ2023\GGJ2023\Corrupt\Library\PackageCache\com.unity.visualscripting@1.7.8\Editor\VisualScripting.Core\Dependencies\DotNetZip\Unity.VisualScripting.IonicZip.dll
Native extension for WindowsStandalone target not found
Refreshing native plugins compatible for Editor in 0.38 ms, found 3 plugins.
Preloading 0 native plugins for Editor in 0.00 ms.
Mono: successfully reloaded assembly
- Completed reload, in  0.668 seconds
Domain Reload Profiling:
	ReloadAssembly (669ms)
		BeginReloadAssembly (68ms)
			ExecutionOrderSort (0ms)
			DisableScriptedObjects (3ms)
			BackupInstance (0ms)
			ReleaseScriptingObjects (0ms)
			CreateAndSetChildDomain (12ms)
		EndReloadAssembly (527ms)
			LoadAssemblies (48ms)
			RebuildTransferFunctionScriptingTraits (0ms)
			SetupTypeCache (179ms)
			ReleaseScriptCaches (0ms)
			RebuildScriptCaches (31ms)
			SetupLoadedEditorAssemblies (240ms)
				LogAssemblyErrors (0ms)
				InitializePlatformSupportModulesInManaged (4ms)
				SetLoadedEditorAssemblies (0ms)
				RefreshPlugins (0ms)
				BeforeProcessingInitializeOnLoad (54ms)
				ProcessInitializeOnLoadAttributes (157ms)
				ProcessInitializeOnLoadMethodAttributes (20ms)
				AfterProcessingInitializeOnLoad (4ms)
				EditorAssembliesLoaded (0ms)
			ExecutionOrderSort2 (0ms)
			AwakeInstancesAfterBackupRestoration (4ms)
Platform modules already initialized, skipping
========================================================================
Worker process is ready to serve import requests
Launched and connected shader compiler UnityShaderCompiler.exe after 0.03 seconds
Refreshing native plugins compatible for Editor in 0.39 ms, found 3 plugins.
Preloading 0 native plugins for Editor in 0.00 ms.
Unloading 3403 Unused Serialized files (Serialized files now loaded: 0)
Unloading 27 unused Assets / (111.2 KB). Loaded Objects now: 3864.
Memory consumption went from 119.3 MB to 119.2 MB.
Total: 3.258600 ms (FindLiveObjects: 0.202800 ms CreateObjectMapping: 0.087200 ms MarkObjects: 2.876700 ms  DeleteObjects: 0.091200 ms)

AssetImportParameters requested are different than current active one (requested -> active):
  custom:video-decoder-ogg-theora: a1e56fd34408186e4bbccfd4996cb3dc -> 
  custom:container-muxer-webm: aa71ff27fc2769a1b78a27578f13a17b -> 
  custom:container-demuxer-webm: 4f35f7cbe854078d1ac9338744f61a02 -> 
  custom:video-encoder-webm-vp8: eb34c28f22e8b96e1ab97ce403110664 -> 
  custom:audio-encoder-webm-vorbis: bf7c407c2cedff20999df2af8eb42d56 -> 
  custom:framework-win-MediaFoundation: 216162199b28c13a410421893ffa2e32 -> 
  custom:container-demuxer-ogg: 62fdf1f143b41e24485cea50d1cbac27 -> 
  custom:video-decoder-webm-vp8: 9c59270c3fd7afecdb556c50c9e8de78 -> 
  custom:audio-decoder-ogg-vorbis: bf7c407c2cedff20999df2af8eb42d56 -> 
========================================================================
Received Import Request.
  Time since last request: 738.028962 seconds.
  path: Assets/Final Game/3D Models/Protagonist.fbx
  artifactKey: Guid(c7b8d84f7a40aae41a61dfd00b85279d) Importer(815301076,1909f56bfc062723c751e8b465ee728b)
Start importing Assets/Final Game/3D Models/Protagonist.fbx using Guid(c7b8d84f7a40aae41a61dfd00b85279d) Importer(815301076,1909f56bfc062723c751e8b465ee728b)  -> (artifact id: 'b3d67817a60e956412cbcad04914878b') in 0.143786 seconds 
========================================================================
Received Import Request.
  Time since last request: 0.307341 seconds.
  path: Assets/Final Game/Start Menu.unity
  artifactKey: Guid(ae61bd40a2cb6fb418ca3564f30de10a) Importer(815301076,1909f56bfc062723c751e8b465ee728b)
Start importing Assets/Final Game/Start Menu.unity using Guid(ae61bd40a2cb6fb418ca3564f30de10a) Importer(815301076,1909f56bfc062723c751e8b465ee728b)  -> (artifact id: 'fb8fe4ebd6a1ca1e91416a4495639458') in 0.001119 seconds 
========================================================================
Received Import Request.
  Time since last request: 206.707205 seconds.
  path: Assets/Final Game/VFX
  artifactKey: Guid(0f811a3d5bd10194db10e1ec22513992) Importer(815301076,1909f56bfc062723c751e8b465ee728b)
Start importing Assets/Final Game/VFX using Guid(0f811a3d5bd10194db10e1ec22513992) Importer(815301076,1909f56bfc062723c751e8b465ee728b)  -> (artifact id: 'cbf515ec5c53df8b1648cf9893198711') in 0.001557 seconds 
========================================================================
Received Import Request.
  Time since last request: 1.437715 seconds.
  path: Assets/Final Game/UIUX
  artifactKey: Guid(27396fb92399694438be1872df26c16c) Importer(815301076,1909f56bfc062723c751e8b465ee728b)
Start importing Assets/Final Game/UIUX using Guid(27396fb92399694438be1872df26c16c) Importer(815301076,1909f56bfc062723c751e8b465ee728b)  -> (artifact id: 'ccab23b0acfd66efcd26bad864b92f41') in 0.000920 seconds 
========================================================================
Received Import Request.
  Time since last request: 0.808913 seconds.
  path: Assets/Final Game/Levels
  artifactKey: Guid(a7626aa74c102c54baf33112ccd714c3) Importer(815301076,1909f56bfc062723c751e8b465ee728b)
Start importing Assets/Final Game/Levels using Guid(a7626aa74c102c54baf33112ccd714c3) Importer(815301076,1909f56bfc062723c751e8b465ee728b)  -> (artifact id: '8177dc16eec32b1d4cb1a7c0236e432b') in 0.001168 seconds 
========================================================================
Received Import Request.
  Time since last request: 4.987519 seconds.
  path: Assets/Final Game/Levels/NavMesh.asset
  artifactKey: Guid(e7ff284762c19fc4bb912542e61d18c3) Importer(815301076,1909f56bfc062723c751e8b465ee728b)
Start importing Assets/Final Game/Levels/NavMesh.asset using Guid(e7ff284762c19fc4bb912542e61d18c3) Importer(815301076,1909f56bfc062723c751e8b465ee728b)  -> (artifact id: 'ba6b5a0d30d07749a684b7c623e85b72') in 0.006406 seconds 
========================================================================
Received Import Request.
  Time since last request: 0.002396 seconds.
  path: Assets/Final Game/Levels/Room3.prefab
  artifactKey: Guid(a5ff1a7007185634e91957c9fca84686) Importer(815301076,1909f56bfc062723c751e8b465ee728b)
Start importing Assets/Final Game/Levels/Room3.prefab using Guid(a5ff1a7007185634e91957c9fca84686) Importer(815301076,1909f56bfc062723c751e8b465ee728b)  -> (artifact id: '7a64302642ddace89df5217d82e9c0cf') in 0.022233 seconds 
========================================================================
Received Import Request.
  Time since last request: 0.000017 seconds.
  path: Assets/Final Game/Levels/room4.prefab
  artifactKey: Guid(b06b853cb38ec274c81f1c12f542788c) Importer(815301076,1909f56bfc062723c751e8b465ee728b)
Start importing Assets/Final Game/Levels/room4.prefab using Guid(b06b853cb38ec274c81f1c12f542788c) Importer(815301076,1909f56bfc062723c751e8b465ee728b)  -> (artifact id: '5f70fea643c81f1204c94fca542d4a24') in 0.011545 seconds 
========================================================================
Received Import Request.
  Time since last request: 0.000016 seconds.
  path: Assets/Final Game/Levels/Room2.prefab
  artifactKey: Guid(15936157b90e5f041a036c8f48e8fc43) Importer(815301076,1909f56bfc062723c751e8b465ee728b)
Start importing Assets/Final Game/Levels/Room2.prefab using Guid(15936157b90e5f041a036c8f48e8fc43) Importer(815301076,1909f56bfc062723c751e8b465ee728b)  -> (artifact id: 'b7d97cc4916dcc326aca28970c073eaa') in 0.024040 seconds 
========================================================================
Received Import Request.
  Time since last request: 0.765893 seconds.
  path: Assets/Final Game/UIUX/backgroundbar.png
  artifactKey: Guid(c3e01252bd07a884cb346ec9e290efe1) Importer(815301076,1909f56bfc062723c751e8b465ee728b)
Start importing Assets/Final Game/UIUX/backgroundbar.png using Guid(c3e01252bd07a884cb346ec9e290efe1) Importer(815301076,1909f56bfc062723c751e8b465ee728b)  -> (artifact id: '790f14c31cc1af18d6b2e8a37841cb8d') in 0.047144 seconds 
========================================================================
Received Import Request.
  Time since last request: 0.000023 seconds.
  path: Assets/Final Game/UIUX/fire.png
  artifactKey: Guid(9770643f91d6bc942bbd91ba2b05d02b) Importer(815301076,1909f56bfc062723c751e8b465ee728b)
Start importing Assets/Final Game/UIUX/fire.png using Guid(9770643f91d6bc942bbd91ba2b05d02b) Importer(815301076,1909f56bfc062723c751e8b465ee728b)  -> (artifact id: 'ab384b0cbe64c5dd2d7ea2b47711e80e') in 0.009225 seconds 
========================================================================
Received Import Request.
  Time since last request: 0.000015 seconds.
  path: Assets/Final Game/UIUX/Turn_Back.png
  artifactKey: Guid(f86d557eebdb0ae41b28fb8790ea0301) Importer(815301076,1909f56bfc062723c751e8b465ee728b)
Start importing Assets/Final Game/UIUX/Turn_Back.png using Guid(f86d557eebdb0ae41b28fb8790ea0301) Importer(815301076,1909f56bfc062723c751e8b465ee728b)  -> (artifact id: 'b27faf0e451e2d1809f9c007ae39105c') in 0.073722 seconds 
========================================================================
Received Import Request.
  Time since last request: 0.000020 seconds.
  path: Assets/Final Game/UIUX/resume.png
  artifactKey: Guid(de8f5cc9f7a860e48b0bdc99bfb8b204) Importer(815301076,1909f56bfc062723c751e8b465ee728b)
Start importing Assets/Final Game/UIUX/resume.png using Guid(de8f5cc9f7a860e48b0bdc99bfb8b204) Importer(815301076,1909f56bfc062723c751e8b465ee728b)  -> (artifact id: '267e9c7416cdf8e24c51de3dc853894e') in 0.011727 seconds 
========================================================================
Received Import Request.
  Time since last request: 0.000025 seconds.
  path: Assets/Final Game/UIUX/verticalfill.png
  artifactKey: Guid(d2260e1005f04964e9df202333ef932d) Importer(815301076,1909f56bfc062723c751e8b465ee728b)
Start importing Assets/Final Game/UIUX/verticalfill.png using Guid(d2260e1005f04964e9df202333ef932d) Importer(815301076,1909f56bfc062723c751e8b465ee728b)  -> (artifact id: 'c5ffe9a31b2f6d2e41ecd2fc118c1f46') in 0.008292 seconds 
Editor requested this worker to shutdown with reason: Scaling down because of idle timeout
AssetImportWorker is now disconnected from the server
Process exiting
Exiting without the bug reporter. Application will terminate with return code 0