Using pre-set license
Built from '2021.3/staging' branch; Version is '2021.3.8f1 (b30333d56e81) revision 11731763'; Using compiler version '192829333'; Build Type 'Release'
OS: 'Windows 11  (10.0.22000) 64bit Professional' Language: 'en' Physical Memory: 16153 MB
BatchMode: 1, IsHumanControllingUs: 0, StartBugReporterOnCrash: 0, Is64bit: 1, IsPro: 1

COMMAND LINE ARGUMENTS:
C:\Program Files\Unity\Hub\Editor\2021.3.8f1\Editor\Unity.exe
-adb2
-batchMode
-noUpm
-name
AssetImportWorker1
-projectPath
A:/Unity Projects/GGJ2023/GGJ2023/Corrupt
-logFile
Logs/AssetImportWorker1.log
-srvPort
54086
Successfully changed project path to: A:/Unity Projects/GGJ2023/GGJ2023/Corrupt
A:/Unity Projects/GGJ2023/GGJ2023/Corrupt
[UnityMemory] Configuration Parameters - Can be set up in boot.config
    "memorysetup-bucket-allocator-granularity=16"
    "memorysetup-bucket-allocator-bucket-count=8"
    "memorysetup-bucket-allocator-block-size=33554432"
    "memorysetup-bucket-allocator-block-count=8"
    "memorysetup-main-allocator-block-size=16777216"
    "memorysetup-thread-allocator-block-size=16777216"
    "memorysetup-gfx-main-allocator-block-size=16777216"
    "memorysetup-gfx-thread-allocator-block-size=16777216"
    "memorysetup-cache-allocator-block-size=4194304"
    "memorysetup-typetree-allocator-block-size=2097152"
    "memorysetup-profiler-bucket-allocator-granularity=16"
    "memorysetup-profiler-bucket-allocator-bucket-count=8"
    "memorysetup-profiler-bucket-allocator-block-size=33554432"
    "memorysetup-profiler-bucket-allocator-block-count=8"
    "memorysetup-profiler-allocator-block-size=16777216"
    "memorysetup-profiler-editor-allocator-block-size=1048576"
    "memorysetup-temp-allocator-size-main=16777216"
    "memorysetup-job-temp-allocator-block-size=2097152"
    "memorysetup-job-temp-allocator-block-size-background=1048576"
    "memorysetup-job-temp-allocator-reduction-small-platforms=262144"
    "memorysetup-temp-allocator-size-background-worker=32768"
    "memorysetup-temp-allocator-size-job-worker=262144"
    "memorysetup-temp-allocator-size-preload-manager=33554432"
    "memorysetup-temp-allocator-size-nav-mesh-worker=65536"
    "memorysetup-temp-allocator-size-audio-worker=65536"
    "memorysetup-temp-allocator-size-cloud-worker=32768"
    "memorysetup-temp-allocator-size-gi-baking-worker=262144"
    "memorysetup-temp-allocator-size-gfx=262144"
Refreshing native plugins compatible for Editor in 48.42 ms, found 3 plugins.
Preloading 0 native plugins for Editor in 0.00 ms.
Initialize engine version: 2021.3.8f1 (b30333d56e81)
[Subsystems] Discovering subsystems at path C:/Program Files/Unity/Hub/Editor/2021.3.8f1/Editor/Data/Resources/UnitySubsystems
[Subsystems] Discovering subsystems at path A:/Unity Projects/GGJ2023/GGJ2023/Corrupt/Assets
GfxDevice: creating device client; threaded=0; jobified=0
Direct3D:
    Version:  Direct3D 11.0 [level 11.1]
    Renderer: NVIDIA GeForce RTX 3070 Ti Laptop GPU (ID=0x24a0)
    Vendor:   NVIDIA
    VRAM:     8032 MB
    Driver:   31.0.15.2802
Initialize mono
Mono path[0] = 'C:/Program Files/Unity/Hub/Editor/2021.3.8f1/Editor/Data/Managed'
Mono path[1] = 'C:/Program Files/Unity/Hub/Editor/2021.3.8f1/Editor/Data/MonoBleedingEdge/lib/mono/unityjit-win32'
Mono config path = 'C:/Program Files/Unity/Hub/Editor/2021.3.8f1/Editor/Data/MonoBleedingEdge/etc'
Using monoOptions --debugger-agent=transport=dt_socket,embedding=1,server=y,suspend=n,address=127.0.0.1:56464
Begin MonoManager ReloadAssembly
Registering precompiled unity dll's ...
Register platform support module: C:/Program Files/Unity/Hub/Editor/2021.3.8f1/Editor/Data/PlaybackEngines/WindowsStandaloneSupport/UnityEditor.WindowsStandalone.Extensions.dll
Registered in 0.003655 seconds.
Native extension for WindowsStandalone target not found
Refreshing native plugins compatible for Editor in 47.38 ms, found 3 plugins.
Preloading 0 native plugins for Editor in 0.00 ms.
Mono: successfully reloaded assembly
- Completed reload, in  0.389 seconds
Domain Reload Profiling:
	ReloadAssembly (390ms)
		BeginReloadAssembly (47ms)
			ExecutionOrderSort (0ms)
			DisableScriptedObjects (0ms)
			BackupInstance (0ms)
			ReleaseScriptingObjects (0ms)
			CreateAndSetChildDomain (1ms)
		EndReloadAssembly (273ms)
			LoadAssemblies (46ms)
			RebuildTransferFunctionScriptingTraits (0ms)
			SetupTypeCache (63ms)
			ReleaseScriptCaches (0ms)
			RebuildScriptCaches (17ms)
			SetupLoadedEditorAssemblies (161ms)
				LogAssemblyErrors (0ms)
				InitializePlatformSupportModulesInManaged (5ms)
				SetLoadedEditorAssemblies (0ms)
				RefreshPlugins (47ms)
				BeforeProcessingInitializeOnLoad (1ms)
				ProcessInitializeOnLoadAttributes (80ms)
				ProcessInitializeOnLoadMethodAttributes (28ms)
				AfterProcessingInitializeOnLoad (0ms)
				EditorAssembliesLoaded (0ms)
			ExecutionOrderSort2 (0ms)
			AwakeInstancesAfterBackupRestoration (0ms)
Platform modules already initialized, skipping
Registering precompiled user dll's ...
Registered in 0.002543 seconds.
Begin MonoManager ReloadAssembly
Symbol file LoadedFromMemory doesn't match image A:\Unity Projects\GGJ2023\GGJ2023\Corrupt\Library\PackageCache\com.unity.visualscripting@1.7.8\Editor\VisualScripting.Core\Dependencies\YamlDotNet\Unity.VisualScripting.YamlDotNet.dll
Symbol file LoadedFromMemory doesn't match image A:\Unity Projects\GGJ2023\GGJ2023\Corrupt\Library\PackageCache\com.unity.visualscripting@1.7.8\Editor\VisualScripting.Core\Dependencies\DotNetZip\Unity.VisualScripting.IonicZip.dll
Native extension for WindowsStandalone target not found
Refreshing native plugins compatible for Editor in 0.42 ms, found 3 plugins.
Preloading 0 native plugins for Editor in 0.00 ms.
Mono: successfully reloaded assembly
- Completed reload, in  0.678 seconds
Domain Reload Profiling:
	ReloadAssembly (678ms)
		BeginReloadAssembly (74ms)
			ExecutionOrderSort (0ms)
			DisableScriptedObjects (4ms)
			BackupInstance (0ms)
			ReleaseScriptingObjects (0ms)
			CreateAndSetChildDomain (13ms)
		EndReloadAssembly (526ms)
			LoadAssemblies (55ms)
			RebuildTransferFunctionScriptingTraits (0ms)
			SetupTypeCache (171ms)
			ReleaseScriptCaches (0ms)
			RebuildScriptCaches (32ms)
			SetupLoadedEditorAssemblies (245ms)
				LogAssemblyErrors (0ms)
				InitializePlatformSupportModulesInManaged (4ms)
				SetLoadedEditorAssemblies (0ms)
				RefreshPlugins (0ms)
				BeforeProcessingInitializeOnLoad (59ms)
				ProcessInitializeOnLoadAttributes (156ms)
				ProcessInitializeOnLoadMethodAttributes (20ms)
				AfterProcessingInitializeOnLoad (4ms)
				EditorAssembliesLoaded (0ms)
			ExecutionOrderSort2 (0ms)
			AwakeInstancesAfterBackupRestoration (5ms)
Platform modules already initialized, skipping
========================================================================
Worker process is ready to serve import requests
Launched and connected shader compiler UnityShaderCompiler.exe after 0.03 seconds
Refreshing native plugins compatible for Editor in 0.42 ms, found 3 plugins.
Preloading 0 native plugins for Editor in 0.00 ms.
Unloading 3403 Unused Serialized files (Serialized files now loaded: 0)
Unloading 27 unused Assets / (111.2 KB). Loaded Objects now: 3864.
Memory consumption went from 119.3 MB to 119.2 MB.
Total: 2.368400 ms (FindLiveObjects: 0.181700 ms CreateObjectMapping: 0.083200 ms MarkObjects: 2.017500 ms  DeleteObjects: 0.084700 ms)

AssetImportParameters requested are different than current active one (requested -> active):
  custom:video-decoder-ogg-theora: a1e56fd34408186e4bbccfd4996cb3dc -> 
  custom:container-muxer-webm: aa71ff27fc2769a1b78a27578f13a17b -> 
  custom:container-demuxer-webm: 4f35f7cbe854078d1ac9338744f61a02 -> 
  custom:video-encoder-webm-vp8: eb34c28f22e8b96e1ab97ce403110664 -> 
  custom:audio-encoder-webm-vorbis: bf7c407c2cedff20999df2af8eb42d56 -> 
  custom:framework-win-MediaFoundation: 216162199b28c13a410421893ffa2e32 -> 
  custom:container-demuxer-ogg: 62fdf1f143b41e24485cea50d1cbac27 -> 
  custom:video-decoder-webm-vp8: 9c59270c3fd7afecdb556c50c9e8de78 -> 
  custom:audio-decoder-ogg-vorbis: bf7c407c2cedff20999df2af8eb42d56 -> 
========================================================================
Received Import Request.
  Time since last request: 952.450290 seconds.
  path: Assets/Final Game/Levels/Room1.prefab
  artifactKey: Guid(ccfb2a41f921bdc4c93710e491247a32) Importer(815301076,1909f56bfc062723c751e8b465ee728b)
Start importing Assets/Final Game/Levels/Room1.prefab using Guid(ccfb2a41f921bdc4c93710e491247a32) Importer(815301076,1909f56bfc062723c751e8b465ee728b)  -> (artifact id: '5a19a9a157748853e3cce6f1321bfada') in 0.090596 seconds 
========================================================================
Received Import Request.
  Time since last request: 0.751205 seconds.
  path: Assets/Final Game/UIUX/fillbar.png
  artifactKey: Guid(fb9b74caac7bb8b48aebb8523e8564fb) Importer(815301076,1909f56bfc062723c751e8b465ee728b)
Start importing Assets/Final Game/UIUX/fillbar.png using Guid(fb9b74caac7bb8b48aebb8523e8564fb) Importer(815301076,1909f56bfc062723c751e8b465ee728b)  -> (artifact id: 'bc8e7ac1eb337c700f2c0e0d8fd9b3d3') in 0.046540 seconds 
========================================================================
Received Import Request.
  Time since last request: 0.000016 seconds.
  path: Assets/Final Game/UIUX/options.png
  artifactKey: Guid(c420b3f1e8a3dfd4d941c8da3788d498) Importer(815301076,1909f56bfc062723c751e8b465ee728b)
Start importing Assets/Final Game/UIUX/options.png using Guid(c420b3f1e8a3dfd4d941c8da3788d498) Importer(815301076,1909f56bfc062723c751e8b465ee728b)  -> (artifact id: '8f95ea1e47ca74e0dec3c94c6d817154') in 0.012161 seconds 
========================================================================
Received Import Request.
  Time since last request: 0.000016 seconds.
  path: Assets/Final Game/UIUX/pause.png
  artifactKey: Guid(de49c1f09e00a2b4e89f337a75dbb310) Importer(815301076,1909f56bfc062723c751e8b465ee728b)
Start importing Assets/Final Game/UIUX/pause.png using Guid(de49c1f09e00a2b4e89f337a75dbb310) Importer(815301076,1909f56bfc062723c751e8b465ee728b)  -> (artifact id: 'dee46310f58118820d989f187ef50fd4') in 0.017361 seconds 
========================================================================
Received Import Request.
  Time since last request: 0.000029 seconds.
  path: Assets/Final Game/UIUX/restart.png
  artifactKey: Guid(424518097d09cb04e850966bc9022ba5) Importer(815301076,1909f56bfc062723c751e8b465ee728b)
Start importing Assets/Final Game/UIUX/restart.png using Guid(424518097d09cb04e850966bc9022ba5) Importer(815301076,1909f56bfc062723c751e8b465ee728b)  -> (artifact id: 'adcdaa878894d8ea35b161cecc85b636') in 0.011219 seconds 
========================================================================
Received Import Request.
  Time since last request: 0.000028 seconds.
  path: Assets/Final Game/UIUX/quit.png
  artifactKey: Guid(5c81da102b64ed44a973a67eb95949dd) Importer(815301076,1909f56bfc062723c751e8b465ee728b)
Start importing Assets/Final Game/UIUX/quit.png using Guid(5c81da102b64ed44a973a67eb95949dd) Importer(815301076,1909f56bfc062723c751e8b465ee728b)  -> (artifact id: '11f226fcc098a16b4055f9fc7fd25652') in 0.012094 seconds 
========================================================================
Received Import Request.
  Time since last request: 0.000016 seconds.
  path: Assets/Final Game/UIUX/verticalbaroutline.png
  artifactKey: Guid(69d65e6eb9b0c594f8c8a278d3c3a0e8) Importer(815301076,1909f56bfc062723c751e8b465ee728b)
Start importing Assets/Final Game/UIUX/verticalbaroutline.png using Guid(69d65e6eb9b0c594f8c8a278d3c3a0e8) Importer(815301076,1909f56bfc062723c751e8b465ee728b)  -> (artifact id: '74bf2b64afb2bd4ea4ac82a9cce6f68c') in 0.008552 seconds 
========================================================================
Received Import Request.
  Time since last request: 0.000014 seconds.
  path: Assets/Final Game/UIUX/Health_border_UI.png
  artifactKey: Guid(366fd6ded5e161641a263c71eba3815d) Importer(815301076,1909f56bfc062723c751e8b465ee728b)
Start importing Assets/Final Game/UIUX/Health_border_UI.png using Guid(366fd6ded5e161641a263c71eba3815d) Importer(815301076,1909f56bfc062723c751e8b465ee728b)  -> (artifact id: '6be3d5ce99c42910d5bca652a884a124') in 0.009288 seconds 
========================================================================
Received Import Request.
  Time since last request: 0.000018 seconds.
  path: Assets/Final Game/UIUX/radation.png
  artifactKey: Guid(b38c90e41c8791f4784e28c86c78dd70) Importer(815301076,1909f56bfc062723c751e8b465ee728b)
Start importing Assets/Final Game/UIUX/radation.png using Guid(b38c90e41c8791f4784e28c86c78dd70) Importer(815301076,1909f56bfc062723c751e8b465ee728b)  -> (artifact id: 'c35a9918afe07eb6ac6033e8680545a0') in 0.008284 seconds 
Editor requested this worker to shutdown with reason: Scaling down because of idle timeout
AssetImportWorker is now disconnected from the server
Process exiting
Exiting without the bug reporter. Application will terminate with return code 0